Using pre-set license
Built from '2020.3/staging' branch; Version is '2020.3.26f1 (7298b473bc1a) revision 7510196'; Using compiler version '192528614'; Build Type 'Release'
OS: 'Windows 10  (10.0.19044) 64bit Professional' Language: 'en' Physical Memory: 15540 MB
BatchMode: 1, IsHumanControllingUs: 0, StartBugReporterOnCrash: 0, Is64bit: 1, IsPro: 0

COMMAND LINE ARGUMENTS:
C:\Program Files\Unity\2020.3.26f1\Editor\Unity.exe
-adb2
-batchMode
-noUpm
-name
AssetImportWorker5
-projectPath
D:/Unity Projects/2D-Metroidvania-Stanly
-logFile
Logs/AssetImportWorker5.log
-srvPort
59672
Successfully changed project path to: D:/Unity Projects/2D-Metroidvania-Stanly
D:/Unity Projects/2D-Metroidvania-Stanly
Using Asset Import Pipeline V2.
